/bin/bash: script/rails: Permission denied
/bin/bash: script/rails: Permission denied
/bin/bash: script/rails: Permission denied
/bin/bash: script/rails: Permission denied
/bin/bash: script/rails: Permission denied
/bin/bash: script/rails: Permission denied
/bin/bash: script/rails: Permission denied
/bin/bash: script/rails: Permission denied
/bin/bash: script/rails: Permission denied
/usr/bin/env: ruby.exe: No such file or directory
/usr/bin/env: ruby.exe: No such file or directory
/bin/bash: script/rails: Permission denied
/bin/bash: script/rails: Permission denied
/usr/bin/env: ruby.exe: No such file or directory
/usr/bin/env: ruby.exe: No such file or directory
/usr/bin/env: ruby.exe: No such file or directory
/usr/bin/env: ruby.exe: No such file or directory
/usr/bin/env: ruby.exe: No such file or directory
/usr/bin/env: ruby.exe: No such file or directory
/usr/bin/env: ruby.exe: No such file or directory
/usr/bin/env: ruby.exe: No such file or directory
/usr/bin/env: ruby.exe: No such file or directory
/usr/bin/env: ruby.exe: No such file or directory
/usr/bin/env: ruby.exe: No such file or directory
/usr/local/ruby/lib/ruby/gems/1.9.1/gems/railties-3.0.5/lib/rails/commands/runner.rb:50:in `eval': undefined method `checkexpirations' for #<Class:0xa112880> (NoMethodError)
	from (eval):1:in `<top (required)>'
	from /usr/local/ruby/lib/ruby/gems/1.9.1/gems/railties-3.0.5/lib/rails/commands/runner.rb:50:in `eval'
	from /usr/local/ruby/lib/ruby/gems/1.9.1/gems/railties-3.0.5/lib/rails/commands/runner.rb:50:in `<top (required)>'
	from /usr/local/ruby/lib/ruby/gems/1.9.1/gems/railties-3.0.5/lib/rails/commands.rb:39:in `require'
	from /usr/local/ruby/lib/ruby/gems/1.9.1/gems/railties-3.0.5/lib/rails/commands.rb:39:in `<top (required)>'
	from script/rails:6:in `require'
	from script/rails:6:in `<main>'
/usr/local/ruby/lib/ruby/gems/1.9.1/gems/railties-3.0.5/lib/rails/commands/runner.rb:50:in `eval': undefined method `checkexpirations' for #<Class:0x9458554> (NoMethodError)
	from (eval):1:in `<top (required)>'
	from /usr/local/ruby/lib/ruby/gems/1.9.1/gems/railties-3.0.5/lib/rails/commands/runner.rb:50:in `eval'
	from /usr/local/ruby/lib/ruby/gems/1.9.1/gems/railties-3.0.5/lib/rails/commands/runner.rb:50:in `<top (required)>'
	from /usr/local/ruby/lib/ruby/gems/1.9.1/gems/railties-3.0.5/lib/rails/commands.rb:39:in `require'
	from /usr/local/ruby/lib/ruby/gems/1.9.1/gems/railties-3.0.5/lib/rails/commands.rb:39:in `<top (required)>'
	from script/rails:6:in `require'
	from script/rails:6:in `<main>'
/usr/local/ruby/lib/ruby/gems/1.9.1/gems/railties-3.0.5/lib/rails/commands/runner.rb:50:in `eval': undefined method `checkexpirations' for #<Class:0x99c5280> (NoMethodError)
	from (eval):1:in `<top (required)>'
	from /usr/local/ruby/lib/ruby/gems/1.9.1/gems/railties-3.0.5/lib/rails/commands/runner.rb:50:in `eval'
	from /usr/local/ruby/lib/ruby/gems/1.9.1/gems/railties-3.0.5/lib/rails/commands/runner.rb:50:in `<top (required)>'
	from /usr/local/ruby/lib/ruby/gems/1.9.1/gems/railties-3.0.5/lib/rails/commands.rb:39:in `require'
	from /usr/local/ruby/lib/ruby/gems/1.9.1/gems/railties-3.0.5/lib/rails/commands.rb:39:in `<top (required)>'
	from script/rails:6:in `require'
	from script/rails:6:in `<main>'
/usr/local/ruby/lib/ruby/gems/1.9.1/gems/railties-3.0.5/lib/rails/commands/runner.rb:50:in `eval': undefined method `checkexpirations' for #<Class:0xa650180> (NoMethodError)
	from (eval):1:in `<top (required)>'
	from /usr/local/ruby/lib/ruby/gems/1.9.1/gems/railties-3.0.5/lib/rails/commands/runner.rb:50:in `eval'
	from /usr/local/ruby/lib/ruby/gems/1.9.1/gems/railties-3.0.5/lib/rails/commands/runner.rb:50:in `<top (required)>'
	from /usr/local/ruby/lib/ruby/gems/1.9.1/gems/railties-3.0.5/lib/rails/commands.rb:39:in `require'
	from /usr/local/ruby/lib/ruby/gems/1.9.1/gems/railties-3.0.5/lib/rails/commands.rb:39:in `<top (required)>'
	from script/rails:6:in `require'
	from script/rails:6:in `<main>'
/usr/local/ruby/lib/ruby/gems/1.9.1/gems/railties-3.0.5/lib/rails/commands/runner.rb:50:in `eval': undefined method `checkexpirations' for #<Class:0xb2b068c> (NoMethodError)
	from (eval):1:in `<top (required)>'
	from /usr/local/ruby/lib/ruby/gems/1.9.1/gems/railties-3.0.5/lib/rails/commands/runner.rb:50:in `eval'
	from /usr/local/ruby/lib/ruby/gems/1.9.1/gems/railties-3.0.5/lib/rails/commands/runner.rb:50:in `<top (required)>'
	from /usr/local/ruby/lib/ruby/gems/1.9.1/gems/railties-3.0.5/lib/rails/commands.rb:39:in `require'
	from /usr/local/ruby/lib/ruby/gems/1.9.1/gems/railties-3.0.5/lib/rails/commands.rb:39:in `<top (required)>'
	from script/rails:6:in `require'
	from script/rails:6:in `<main>'
/usr/local/ruby/lib/ruby/gems/1.9.1/gems/railties-3.0.5/lib/rails/commands/runner.rb:50:in `eval': undefined method `checkexpirations' for #<Class:0x9562828> (NoMethodError)
	from (eval):1:in `<top (required)>'
	from /usr/local/ruby/lib/ruby/gems/1.9.1/gems/railties-3.0.5/lib/rails/commands/runner.rb:50:in `eval'
	from /usr/local/ruby/lib/ruby/gems/1.9.1/gems/railties-3.0.5/lib/rails/commands/runner.rb:50:in `<top (required)>'
	from /usr/local/ruby/lib/ruby/gems/1.9.1/gems/railties-3.0.5/lib/rails/commands.rb:39:in `require'
	from /usr/local/ruby/lib/ruby/gems/1.9.1/gems/railties-3.0.5/lib/rails/commands.rb:39:in `<top (required)>'
	from script/rails:6:in `require'
	from script/rails:6:in `<main>'
/usr/local/ruby/lib/ruby/gems/1.9.1/gems/railties-3.0.5/lib/rails/commands/runner.rb:50:in `eval': undefined method `checkexpirations' for #<Class:0xa9743e8> (NoMethodError)
	from (eval):1:in `<top (required)>'
	from /usr/local/ruby/lib/ruby/gems/1.9.1/gems/railties-3.0.5/lib/rails/commands/runner.rb:50:in `eval'
	from /usr/local/ruby/lib/ruby/gems/1.9.1/gems/railties-3.0.5/lib/rails/commands/runner.rb:50:in `<top (required)>'
	from /usr/local/ruby/lib/ruby/gems/1.9.1/gems/railties-3.0.5/lib/rails/commands.rb:39:in `require'
	from /usr/local/ruby/lib/ruby/gems/1.9.1/gems/railties-3.0.5/lib/rails/commands.rb:39:in `<top (required)>'
	from script/rails:6:in `require'
	from script/rails:6:in `<main>'
/usr/local/ruby/lib/ruby/gems/1.9.1/gems/railties-3.0.5/lib/rails/commands/runner.rb:50:in `eval': undefined method `checkexpirations' for #<Class:0xa18a8e4> (NoMethodError)
	from (eval):1:in `<top (required)>'
	from /usr/local/ruby/lib/ruby/gems/1.9.1/gems/railties-3.0.5/lib/rails/commands/runner.rb:50:in `eval'
	from /usr/local/ruby/lib/ruby/gems/1.9.1/gems/railties-3.0.5/lib/rails/commands/runner.rb:50:in `<top (required)>'
	from /usr/local/ruby/lib/ruby/gems/1.9.1/gems/railties-3.0.5/lib/rails/commands.rb:39:in `require'
	from /usr/local/ruby/lib/ruby/gems/1.9.1/gems/railties-3.0.5/lib/rails/commands.rb:39:in `<top (required)>'
	from script/rails:6:in `require'
	from script/rails:6:in `<main>'
/usr/local/ruby/lib/ruby/gems/1.9.1/gems/railties-3.0.5/lib/rails/commands/runner.rb:50:in `eval': undefined method `checkexpirations' for #<Class:0xb1553c8> (NoMethodError)
	from (eval):1:in `<top (required)>'
	from /usr/local/ruby/lib/ruby/gems/1.9.1/gems/railties-3.0.5/lib/rails/commands/runner.rb:50:in `eval'
	from /usr/local/ruby/lib/ruby/gems/1.9.1/gems/railties-3.0.5/lib/rails/commands/runner.rb:50:in `<top (required)>'
	from /usr/local/ruby/lib/ruby/gems/1.9.1/gems/railties-3.0.5/lib/rails/commands.rb:39:in `require'
	from /usr/local/ruby/lib/ruby/gems/1.9.1/gems/railties-3.0.5/lib/rails/commands.rb:39:in `<top (required)>'
	from script/rails:6:in `require'
	from script/rails:6:in `<main>'
/usr/local/ruby/lib/ruby/gems/1.9.1/gems/railties-3.0.5/lib/rails/commands/runner.rb:50:in `eval': undefined method `checkexpirations' for #<Class:0xabb8adc> (NoMethodError)
	from (eval):1:in `<top (required)>'
	from /usr/local/ruby/lib/ruby/gems/1.9.1/gems/railties-3.0.5/lib/rails/commands/runner.rb:50:in `eval'
	from /usr/local/ruby/lib/ruby/gems/1.9.1/gems/railties-3.0.5/lib/rails/commands/runner.rb:50:in `<top (required)>'
	from /usr/local/ruby/lib/ruby/gems/1.9.1/gems/railties-3.0.5/lib/rails/commands.rb:39:in `require'
	from /usr/local/ruby/lib/ruby/gems/1.9.1/gems/railties-3.0.5/lib/rails/commands.rb:39:in `<top (required)>'
	from script/rails:6:in `require'
	from script/rails:6:in `<main>'
/usr/local/ruby/lib/ruby/gems/1.9.1/gems/railties-3.0.5/lib/rails/commands/runner.rb:50:in `eval': uninitialized constant Servicelisting::Datetime (NameError)
	from (eval):1:in `<top (required)>'
	from /usr/local/ruby/lib/ruby/gems/1.9.1/gems/railties-3.0.5/lib/rails/commands/runner.rb:50:in `eval'
	from /usr/local/ruby/lib/ruby/gems/1.9.1/gems/railties-3.0.5/lib/rails/commands/runner.rb:50:in `<top (required)>'
	from /usr/local/ruby/lib/ruby/gems/1.9.1/gems/railties-3.0.5/lib/rails/commands.rb:39:in `require'
	from /usr/local/ruby/lib/ruby/gems/1.9.1/gems/railties-3.0.5/lib/rails/commands.rb:39:in `<top (required)>'
	from script/rails:6:in `require'
	from script/rails:6:in `<main>'
/usr/local/ruby/lib/ruby/gems/1.9.1/gems/railties-3.0.5/lib/rails/commands/runner.rb:50:in `eval': uninitialized constant Servicelisting::Datetime (NameError)
	from (eval):1:in `<top (required)>'
	from /usr/local/ruby/lib/ruby/gems/1.9.1/gems/railties-3.0.5/lib/rails/commands/runner.rb:50:in `eval'
	from /usr/local/ruby/lib/ruby/gems/1.9.1/gems/railties-3.0.5/lib/rails/commands/runner.rb:50:in `<top (required)>'
	from /usr/local/ruby/lib/ruby/gems/1.9.1/gems/railties-3.0.5/lib/rails/commands.rb:39:in `require'
	from /usr/local/ruby/lib/ruby/gems/1.9.1/gems/railties-3.0.5/lib/rails/commands.rb:39:in `<top (required)>'
	from script/rails:6:in `require'
	from script/rails:6:in `<main>'
/usr/local/ruby/lib/ruby/gems/1.9.1/gems/railties-3.0.5/lib/rails/commands/runner.rb:50:in `eval': uninitialized constant Servicelisting::Datetime (NameError)
	from (eval):1:in `<top (required)>'
	from /usr/local/ruby/lib/ruby/gems/1.9.1/gems/railties-3.0.5/lib/rails/commands/runner.rb:50:in `eval'
	from /usr/local/ruby/lib/ruby/gems/1.9.1/gems/railties-3.0.5/lib/rails/commands/runner.rb:50:in `<top (required)>'
	from /usr/local/ruby/lib/ruby/gems/1.9.1/gems/railties-3.0.5/lib/rails/commands.rb:39:in `require'
	from /usr/local/ruby/lib/ruby/gems/1.9.1/gems/railties-3.0.5/lib/rails/commands.rb:39:in `<top (required)>'
	from script/rails:6:in `require'
	from script/rails:6:in `<main>'
/usr/local/ruby/lib/ruby/gems/1.9.1/gems/railties-3.0.5/lib/rails/commands/runner.rb:50:in `eval': uninitialized constant Servicelisting::Datetime (NameError)
	from (eval):1:in `<top (required)>'
	from /usr/local/ruby/lib/ruby/gems/1.9.1/gems/railties-3.0.5/lib/rails/commands/runner.rb:50:in `eval'
	from /usr/local/ruby/lib/ruby/gems/1.9.1/gems/railties-3.0.5/lib/rails/commands/runner.rb:50:in `<top (required)>'
	from /usr/local/ruby/lib/ruby/gems/1.9.1/gems/railties-3.0.5/lib/rails/commands.rb:39:in `require'
	from /usr/local/ruby/lib/ruby/gems/1.9.1/gems/railties-3.0.5/lib/rails/commands.rb:39:in `<top (required)>'
	from script/rails:6:in `require'
	from script/rails:6:in `<main>'
/usr/local/ruby/lib/ruby/gems/1.9.1/gems/railties-3.0.5/lib/rails/commands/runner.rb:50:in `eval': uninitialized constant Servicelisting::Datetime (NameError)
	from (eval):1:in `<top (required)>'
	from /usr/local/ruby/lib/ruby/gems/1.9.1/gems/railties-3.0.5/lib/rails/commands/runner.rb:50:in `eval'
	from /usr/local/ruby/lib/ruby/gems/1.9.1/gems/railties-3.0.5/lib/rails/commands/runner.rb:50:in `<top (required)>'
	from /usr/local/ruby/lib/ruby/gems/1.9.1/gems/railties-3.0.5/lib/rails/commands.rb:39:in `require'
	from /usr/local/ruby/lib/ruby/gems/1.9.1/gems/railties-3.0.5/lib/rails/commands.rb:39:in `<top (required)>'
	from script/rails:6:in `require'
	from script/rails:6:in `<main>'
/usr/local/ruby/lib/ruby/gems/1.9.1/gems/railties-3.0.5/lib/rails/commands/runner.rb:50:in `eval': uninitialized constant Servicelisting::Datetime (NameError)
	from (eval):1:in `<top (required)>'
	from /usr/local/ruby/lib/ruby/gems/1.9.1/gems/railties-3.0.5/lib/rails/commands/runner.rb:50:in `eval'
	from /usr/local/ruby/lib/ruby/gems/1.9.1/gems/railties-3.0.5/lib/rails/commands/runner.rb:50:in `<top (required)>'
	from /usr/local/ruby/lib/ruby/gems/1.9.1/gems/railties-3.0.5/lib/rails/commands.rb:39:in `require'
	from /usr/local/ruby/lib/ruby/gems/1.9.1/gems/railties-3.0.5/lib/rails/commands.rb:39:in `<top (required)>'
	from script/rails:6:in `require'
	from script/rails:6:in `<main>'
/usr/local/ruby/lib/ruby/gems/1.9.1/gems/railties-3.0.5/lib/rails/commands/runner.rb:50:in `eval': uninitialized constant Servicelisting::Datetime (NameError)
	from (eval):1:in `<top (required)>'
	from /usr/local/ruby/lib/ruby/gems/1.9.1/gems/railties-3.0.5/lib/rails/commands/runner.rb:50:in `eval'
	from /usr/local/ruby/lib/ruby/gems/1.9.1/gems/railties-3.0.5/lib/rails/commands/runner.rb:50:in `<top (required)>'
	from /usr/local/ruby/lib/ruby/gems/1.9.1/gems/railties-3.0.5/lib/rails/commands.rb:39:in `require'
	from /usr/local/ruby/lib/ruby/gems/1.9.1/gems/railties-3.0.5/lib/rails/commands.rb:39:in `<top (required)>'
	from script/rails:6:in `require'
	from script/rails:6:in `<main>'
/usr/local/ruby/lib/ruby/gems/1.9.1/gems/railties-3.0.5/lib/rails/commands/runner.rb:50:in `eval': uninitialized constant Servicelisting::Datetime (NameError)
	from (eval):1:in `<top (required)>'
	from /usr/local/ruby/lib/ruby/gems/1.9.1/gems/railties-3.0.5/lib/rails/commands/runner.rb:50:in `eval'
	from /usr/local/ruby/lib/ruby/gems/1.9.1/gems/railties-3.0.5/lib/rails/commands/runner.rb:50:in `<top (required)>'
	from /usr/local/ruby/lib/ruby/gems/1.9.1/gems/railties-3.0.5/lib/rails/commands.rb:39:in `require'
	from /usr/local/ruby/lib/ruby/gems/1.9.1/gems/railties-3.0.5/lib/rails/commands.rb:39:in `<top (required)>'
	from script/rails:6:in `require'
	from script/rails:6:in `<main>'
/usr/local/ruby/lib/ruby/gems/1.9.1/gems/railties-3.0.5/lib/rails/commands/runner.rb:50:in `eval': uninitialized constant Servicelisting::Datetime (NameError)
	from (eval):1:in `<top (required)>'
	from /usr/local/ruby/lib/ruby/gems/1.9.1/gems/railties-3.0.5/lib/rails/commands/runner.rb:50:in `eval'
	from /usr/local/ruby/lib/ruby/gems/1.9.1/gems/railties-3.0.5/lib/rails/commands/runner.rb:50:in `<top (required)>'
	from /usr/local/ruby/lib/ruby/gems/1.9.1/gems/railties-3.0.5/lib/rails/commands.rb:39:in `require'
	from /usr/local/ruby/lib/ruby/gems/1.9.1/gems/railties-3.0.5/lib/rails/commands.rb:39:in `<top (required)>'
	from script/rails:6:in `require'
	from script/rails:6:in `<main>'
/usr/local/ruby/lib/ruby/gems/1.9.1/gems/railties-3.0.5/lib/rails/commands/runner.rb:50:in `eval': uninitialized constant Servicelisting::Datetime (NameError)
	from (eval):1:in `<top (required)>'
	from /usr/local/ruby/lib/ruby/gems/1.9.1/gems/railties-3.0.5/lib/rails/commands/runner.rb:50:in `eval'
	from /usr/local/ruby/lib/ruby/gems/1.9.1/gems/railties-3.0.5/lib/rails/commands/runner.rb:50:in `<top (required)>'
	from /usr/local/ruby/lib/ruby/gems/1.9.1/gems/railties-3.0.5/lib/rails/commands.rb:39:in `require'
	from /usr/local/ruby/lib/ruby/gems/1.9.1/gems/railties-3.0.5/lib/rails/commands.rb:39:in `<top (required)>'
	from script/rails:6:in `require'
	from script/rails:6:in `<main>'
/usr/local/ruby/lib/ruby/gems/1.9.1/gems/railties-3.0.5/lib/rails/commands/runner.rb:50:in `eval': uninitialized constant Servicelisting::Datetime (NameError)
	from (eval):1:in `<top (required)>'
	from /usr/local/ruby/lib/ruby/gems/1.9.1/gems/railties-3.0.5/lib/rails/commands/runner.rb:50:in `eval'
	from /usr/local/ruby/lib/ruby/gems/1.9.1/gems/railties-3.0.5/lib/rails/commands/runner.rb:50:in `<top (required)>'
	from /usr/local/ruby/lib/ruby/gems/1.9.1/gems/railties-3.0.5/lib/rails/commands.rb:39:in `require'
	from /usr/local/ruby/lib/ruby/gems/1.9.1/gems/railties-3.0.5/lib/rails/commands.rb:39:in `<top (required)>'
	from script/rails:6:in `require'
	from script/rails:6:in `<main>'
/usr/local/ruby/lib/ruby/gems/1.9.1/gems/railties-3.0.5/lib/rails/commands/runner.rb:50:in `eval': uninitialized constant Servicelisting::Datetime (NameError)
	from (eval):1:in `<top (required)>'
	from /usr/local/ruby/lib/ruby/gems/1.9.1/gems/railties-3.0.5/lib/rails/commands/runner.rb:50:in `eval'
	from /usr/local/ruby/lib/ruby/gems/1.9.1/gems/railties-3.0.5/lib/rails/commands/runner.rb:50:in `<top (required)>'
	from /usr/local/ruby/lib/ruby/gems/1.9.1/gems/railties-3.0.5/lib/rails/commands.rb:39:in `require'
	from /usr/local/ruby/lib/ruby/gems/1.9.1/gems/railties-3.0.5/lib/rails/commands.rb:39:in `<top (required)>'
	from script/rails:6:in `require'
	from script/rails:6:in `<main>'
/usr/local/ruby/lib/ruby/gems/1.9.1/gems/railties-3.0.5/lib/rails/commands/runner.rb:50:in `eval': uninitialized constant Servicelisting::Datetime (NameError)
	from (eval):1:in `<top (required)>'
	from /usr/local/ruby/lib/ruby/gems/1.9.1/gems/railties-3.0.5/lib/rails/commands/runner.rb:50:in `eval'
	from /usr/local/ruby/lib/ruby/gems/1.9.1/gems/railties-3.0.5/lib/rails/commands/runner.rb:50:in `<top (required)>'
	from /usr/local/ruby/lib/ruby/gems/1.9.1/gems/railties-3.0.5/lib/rails/commands.rb:39:in `require'
	from /usr/local/ruby/lib/ruby/gems/1.9.1/gems/railties-3.0.5/lib/rails/commands.rb:39:in `<top (required)>'
	from script/rails:6:in `require'
	from script/rails:6:in `<main>'
/usr/local/ruby/lib/ruby/gems/1.9.1/gems/railties-3.0.5/lib/rails/commands/runner.rb:50:in `eval': uninitialized constant Servicelisting::Datetime (NameError)
	from (eval):1:in `<top (required)>'
	from /usr/local/ruby/lib/ruby/gems/1.9.1/gems/railties-3.0.5/lib/rails/commands/runner.rb:50:in `eval'
	from /usr/local/ruby/lib/ruby/gems/1.9.1/gems/railties-3.0.5/lib/rails/commands/runner.rb:50:in `<top (required)>'
	from /usr/local/ruby/lib/ruby/gems/1.9.1/gems/railties-3.0.5/lib/rails/commands.rb:39:in `require'
	from /usr/local/ruby/lib/ruby/gems/1.9.1/gems/railties-3.0.5/lib/rails/commands.rb:39:in `<top (required)>'
	from script/rails:6:in `require'
	from script/rails:6:in `<main>'
/usr/local/ruby/lib/ruby/gems/1.9.1/gems/railties-3.0.5/lib/rails/commands/runner.rb:50:in `eval': uninitialized constant Servicelisting::Datetime (NameError)
	from (eval):1:in `<top (required)>'
	from /usr/local/ruby/lib/ruby/gems/1.9.1/gems/railties-3.0.5/lib/rails/commands/runner.rb:50:in `eval'
	from /usr/local/ruby/lib/ruby/gems/1.9.1/gems/railties-3.0.5/lib/rails/commands/runner.rb:50:in `<top (required)>'
	from /usr/local/ruby/lib/ruby/gems/1.9.1/gems/railties-3.0.5/lib/rails/commands.rb:39:in `require'
	from /usr/local/ruby/lib/ruby/gems/1.9.1/gems/railties-3.0.5/lib/rails/commands.rb:39:in `<top (required)>'
	from script/rails:6:in `require'
	from script/rails:6:in `<main>'
/usr/local/ruby/lib/ruby/gems/1.9.1/gems/railties-3.0.5/lib/rails/commands/runner.rb:50:in `eval': uninitialized constant Servicelisting::Datetime (NameError)
	from (eval):1:in `<top (required)>'
	from /usr/local/ruby/lib/ruby/gems/1.9.1/gems/railties-3.0.5/lib/rails/commands/runner.rb:50:in `eval'
	from /usr/local/ruby/lib/ruby/gems/1.9.1/gems/railties-3.0.5/lib/rails/commands/runner.rb:50:in `<top (required)>'
	from /usr/local/ruby/lib/ruby/gems/1.9.1/gems/railties-3.0.5/lib/rails/commands.rb:39:in `require'
	from /usr/local/ruby/lib/ruby/gems/1.9.1/gems/railties-3.0.5/lib/rails/commands.rb:39:in `<top (required)>'
	from script/rails:6:in `require'
	from script/rails:6:in `<main>'
/usr/local/ruby/lib/ruby/gems/1.9.1/gems/railties-3.0.5/lib/rails/commands/runner.rb:50:in `eval': uninitialized constant Servicelisting::Datetime (NameError)
	from (eval):1:in `<top (required)>'
	from /usr/local/ruby/lib/ruby/gems/1.9.1/gems/railties-3.0.5/lib/rails/commands/runner.rb:50:in `eval'
	from /usr/local/ruby/lib/ruby/gems/1.9.1/gems/railties-3.0.5/lib/rails/commands/runner.rb:50:in `<top (required)>'
	from /usr/local/ruby/lib/ruby/gems/1.9.1/gems/railties-3.0.5/lib/rails/commands.rb:39:in `require'
	from /usr/local/ruby/lib/ruby/gems/1.9.1/gems/railties-3.0.5/lib/rails/commands.rb:39:in `<top (required)>'
	from script/rails:6:in `require'
	from script/rails:6:in `<main>'
/usr/local/ruby/lib/ruby/gems/1.9.1/gems/railties-3.0.5/lib/rails/commands/runner.rb:50:in `eval': uninitialized constant Servicelisting::Datetime (NameError)
	from (eval):1:in `<top (required)>'
	from /usr/local/ruby/lib/ruby/gems/1.9.1/gems/railties-3.0.5/lib/rails/commands/runner.rb:50:in `eval'
	from /usr/local/ruby/lib/ruby/gems/1.9.1/gems/railties-3.0.5/lib/rails/commands/runner.rb:50:in `<top (required)>'
	from /usr/local/ruby/lib/ruby/gems/1.9.1/gems/railties-3.0.5/lib/rails/commands.rb:39:in `require'
	from /usr/local/ruby/lib/ruby/gems/1.9.1/gems/railties-3.0.5/lib/rails/commands.rb:39:in `<top (required)>'
	from script/rails:6:in `require'
	from script/rails:6:in `<main>'
/usr/local/ruby/lib/ruby/gems/1.9.1/gems/railties-3.0.5/lib/rails/commands/runner.rb:50:in `eval': uninitialized constant Servicelisting::Datetime (NameError)
	from (eval):1:in `<top (required)>'
	from /usr/local/ruby/lib/ruby/gems/1.9.1/gems/railties-3.0.5/lib/rails/commands/runner.rb:50:in `eval'
	from /usr/local/ruby/lib/ruby/gems/1.9.1/gems/railties-3.0.5/lib/rails/commands/runner.rb:50:in `<top (required)>'
	from /usr/local/ruby/lib/ruby/gems/1.9.1/gems/railties-3.0.5/lib/rails/commands.rb:39:in `require'
	from /usr/local/ruby/lib/ruby/gems/1.9.1/gems/railties-3.0.5/lib/rails/commands.rb:39:in `<top (required)>'
	from script/rails:6:in `require'
	from script/rails:6:in `<main>'
/usr/local/ruby/lib/ruby/gems/1.9.1/gems/railties-3.0.5/lib/rails/commands/runner.rb:50:in `eval': uninitialized constant Servicelisting::Datetime (NameError)
	from (eval):1:in `<top (required)>'
	from /usr/local/ruby/lib/ruby/gems/1.9.1/gems/railties-3.0.5/lib/rails/commands/runner.rb:50:in `eval'
	from /usr/local/ruby/lib/ruby/gems/1.9.1/gems/railties-3.0.5/lib/rails/commands/runner.rb:50:in `<top (required)>'
	from /usr/local/ruby/lib/ruby/gems/1.9.1/gems/railties-3.0.5/lib/rails/commands.rb:39:in `require'
	from /usr/local/ruby/lib/ruby/gems/1.9.1/gems/railties-3.0.5/lib/rails/commands.rb:39:in `<top (required)>'
	from script/rails:6:in `require'
	from script/rails:6:in `<main>'
/usr/local/ruby/lib/ruby/gems/1.9.1/gems/railties-3.0.5/lib/rails/commands/runner.rb:50:in `eval': uninitialized constant Servicelisting::Datetime (NameError)
	from (eval):1:in `<top (required)>'
	from /usr/local/ruby/lib/ruby/gems/1.9.1/gems/railties-3.0.5/lib/rails/commands/runner.rb:50:in `eval'
	from /usr/local/ruby/lib/ruby/gems/1.9.1/gems/railties-3.0.5/lib/rails/commands/runner.rb:50:in `<top (required)>'
	from /usr/local/ruby/lib/ruby/gems/1.9.1/gems/railties-3.0.5/lib/rails/commands.rb:39:in `require'
	from /usr/local/ruby/lib/ruby/gems/1.9.1/gems/railties-3.0.5/lib/rails/commands.rb:39:in `<top (required)>'
	from script/rails:6:in `require'
	from script/rails:6:in `<main>'
/usr/local/ruby/lib/ruby/gems/1.9.1/gems/railties-3.0.5/lib/rails/commands/runner.rb:50:in `eval': uninitialized constant Servicelisting::Datetime (NameError)
	from (eval):1:in `<top (required)>'
	from /usr/local/ruby/lib/ruby/gems/1.9.1/gems/railties-3.0.5/lib/rails/commands/runner.rb:50:in `eval'
	from /usr/local/ruby/lib/ruby/gems/1.9.1/gems/railties-3.0.5/lib/rails/commands/runner.rb:50:in `<top (required)>'
	from /usr/local/ruby/lib/ruby/gems/1.9.1/gems/railties-3.0.5/lib/rails/commands.rb:39:in `require'
	from /usr/local/ruby/lib/ruby/gems/1.9.1/gems/railties-3.0.5/lib/rails/commands.rb:39:in `<top (required)>'
	from script/rails:6:in `require'
	from script/rails:6:in `<main>'
/usr/local/ruby/lib/ruby/gems/1.9.1/gems/railties-3.0.5/lib/rails/commands/runner.rb:50:in `eval': uninitialized constant Servicelisting::Datetime (NameError)
	from (eval):1:in `<top (required)>'
	from /usr/local/ruby/lib/ruby/gems/1.9.1/gems/railties-3.0.5/lib/rails/commands/runner.rb:50:in `eval'
	from /usr/local/ruby/lib/ruby/gems/1.9.1/gems/railties-3.0.5/lib/rails/commands/runner.rb:50:in `<top (required)>'
	from /usr/local/ruby/lib/ruby/gems/1.9.1/gems/railties-3.0.5/lib/rails/commands.rb:39:in `require'
	from /usr/local/ruby/lib/ruby/gems/1.9.1/gems/railties-3.0.5/lib/rails/commands.rb:39:in `<top (required)>'
	from script/rails:6:in `require'
	from script/rails:6:in `<main>'
/usr/local/ruby/lib/ruby/gems/1.9.1/gems/railties-3.0.5/lib/rails/commands/runner.rb:50:in `eval': uninitialized constant Servicelisting::Datetime (NameError)
	from (eval):1:in `<top (required)>'
	from /usr/local/ruby/lib/ruby/gems/1.9.1/gems/railties-3.0.5/lib/rails/commands/runner.rb:50:in `eval'
	from /usr/local/ruby/lib/ruby/gems/1.9.1/gems/railties-3.0.5/lib/rails/commands/runner.rb:50:in `<top (required)>'
	from /usr/local/ruby/lib/ruby/gems/1.9.1/gems/railties-3.0.5/lib/rails/commands.rb:39:in `require'
	from /usr/local/ruby/lib/ruby/gems/1.9.1/gems/railties-3.0.5/lib/rails/commands.rb:39:in `<top (required)>'
	from script/rails:6:in `require'
	from script/rails:6:in `<main>'
/usr/local/ruby/lib/ruby/gems/1.9.1/gems/railties-3.0.5/lib/rails/commands/runner.rb:50:in `eval': uninitialized constant Servicelisting::Datetime (NameError)
	from (eval):1:in `<top (required)>'
	from /usr/local/ruby/lib/ruby/gems/1.9.1/gems/railties-3.0.5/lib/rails/commands/runner.rb:50:in `eval'
	from /usr/local/ruby/lib/ruby/gems/1.9.1/gems/railties-3.0.5/lib/rails/commands/runner.rb:50:in `<top (required)>'
	from /usr/local/ruby/lib/ruby/gems/1.9.1/gems/railties-3.0.5/lib/rails/commands.rb:39:in `require'
	from /usr/local/ruby/lib/ruby/gems/1.9.1/gems/railties-3.0.5/lib/rails/commands.rb:39:in `<top (required)>'
	from script/rails:6:in `require'
	from script/rails:6:in `<main>'
/usr/local/ruby/lib/ruby/gems/1.9.1/gems/railties-3.0.5/lib/rails/commands/runner.rb:50:in `eval': uninitialized constant Servicelisting::Datetime (NameError)
	from (eval):1:in `<top (required)>'
	from /usr/local/ruby/lib/ruby/gems/1.9.1/gems/railties-3.0.5/lib/rails/commands/runner.rb:50:in `eval'
	from /usr/local/ruby/lib/ruby/gems/1.9.1/gems/railties-3.0.5/lib/rails/commands/runner.rb:50:in `<top (required)>'
	from /usr/local/ruby/lib/ruby/gems/1.9.1/gems/railties-3.0.5/lib/rails/commands.rb:39:in `require'
	from /usr/local/ruby/lib/ruby/gems/1.9.1/gems/railties-3.0.5/lib/rails/commands.rb:39:in `<top (required)>'
	from script/rails:6:in `require'
	from script/rails:6:in `<main>'
/usr/local/ruby/lib/ruby/gems/1.9.1/gems/railties-3.0.5/lib/rails/commands/runner.rb:50:in `eval': uninitialized constant Servicelisting::Datetime (NameError)
	from (eval):1:in `<top (required)>'
	from /usr/local/ruby/lib/ruby/gems/1.9.1/gems/railties-3.0.5/lib/rails/commands/runner.rb:50:in `eval'
	from /usr/local/ruby/lib/ruby/gems/1.9.1/gems/railties-3.0.5/lib/rails/commands/runner.rb:50:in `<top (required)>'
	from /usr/local/ruby/lib/ruby/gems/1.9.1/gems/railties-3.0.5/lib/rails/commands.rb:39:in `require'
	from /usr/local/ruby/lib/ruby/gems/1.9.1/gems/railties-3.0.5/lib/rails/commands.rb:39:in `<top (required)>'
	from script/rails:6:in `require'
	from script/rails:6:in `<main>'
/usr/local/ruby/lib/ruby/gems/1.9.1/gems/railties-3.0.5/lib/rails/commands/runner.rb:50:in `eval': uninitialized constant Servicelisting::Datetime (NameError)
	from (eval):1:in `<top (required)>'
	from /usr/local/ruby/lib/ruby/gems/1.9.1/gems/railties-3.0.5/lib/rails/commands/runner.rb:50:in `eval'
	from /usr/local/ruby/lib/ruby/gems/1.9.1/gems/railties-3.0.5/lib/rails/commands/runner.rb:50:in `<top (required)>'
	from /usr/local/ruby/lib/ruby/gems/1.9.1/gems/railties-3.0.5/lib/rails/commands.rb:39:in `require'
	from /usr/local/ruby/lib/ruby/gems/1.9.1/gems/railties-3.0.5/lib/rails/commands.rb:39:in `<top (required)>'
	from script/rails:6:in `require'
	from script/rails:6:in `<main>'
/usr/local/ruby/lib/ruby/gems/1.9.1/gems/railties-3.0.5/lib/rails/commands/runner.rb:50:in `eval': uninitialized constant Servicelisting::Datetime (NameError)
	from (eval):1:in `<top (required)>'
	from /usr/local/ruby/lib/ruby/gems/1.9.1/gems/railties-3.0.5/lib/rails/commands/runner.rb:50:in `eval'
	from /usr/local/ruby/lib/ruby/gems/1.9.1/gems/railties-3.0.5/lib/rails/commands/runner.rb:50:in `<top (required)>'
	from /usr/local/ruby/lib/ruby/gems/1.9.1/gems/railties-3.0.5/lib/rails/commands.rb:39:in `require'
	from /usr/local/ruby/lib/ruby/gems/1.9.1/gems/railties-3.0.5/lib/rails/commands.rb:39:in `<top (required)>'
	from script/rails:6:in `require'
	from script/rails:6:in `<main>'
/usr/local/ruby/lib/ruby/gems/1.9.1/gems/railties-3.0.5/lib/rails/commands/runner.rb:50:in `eval': uninitialized constant Servicelisting::Datetime (NameError)
	from (eval):1:in `<top (required)>'
	from /usr/local/ruby/lib/ruby/gems/1.9.1/gems/railties-3.0.5/lib/rails/commands/runner.rb:50:in `eval'
	from /usr/local/ruby/lib/ruby/gems/1.9.1/gems/railties-3.0.5/lib/rails/commands/runner.rb:50:in `<top (required)>'
	from /usr/local/ruby/lib/ruby/gems/1.9.1/gems/railties-3.0.5/lib/rails/commands.rb:39:in `require'
	from /usr/local/ruby/lib/ruby/gems/1.9.1/gems/railties-3.0.5/lib/rails/commands.rb:39:in `<top (required)>'
	from script/rails:6:in `require'
	from script/rails:6:in `<main>'
/usr/local/ruby/lib/ruby/gems/1.9.1/gems/railties-3.0.5/lib/rails/commands/runner.rb:50:in `eval': uninitialized constant Servicelisting::Datetime (NameError)
	from (eval):1:in `<top (required)>'
	from /usr/local/ruby/lib/ruby/gems/1.9.1/gems/railties-3.0.5/lib/rails/commands/runner.rb:50:in `eval'
	from /usr/local/ruby/lib/ruby/gems/1.9.1/gems/railties-3.0.5/lib/rails/commands/runner.rb:50:in `<top (required)>'
	from /usr/local/ruby/lib/ruby/gems/1.9.1/gems/railties-3.0.5/lib/rails/commands.rb:39:in `require'
	from /usr/local/ruby/lib/ruby/gems/1.9.1/gems/railties-3.0.5/lib/rails/commands.rb:39:in `<top (required)>'
	from script/rails:6:in `require'
	from script/rails:6:in `<main>'
/usr/local/ruby/lib/ruby/gems/1.9.1/gems/railties-3.0.5/lib/rails/commands/runner.rb:50:in `eval': uninitialized constant Servicelisting::Datetime (NameError)
	from (eval):1:in `<top (required)>'
	from /usr/local/ruby/lib/ruby/gems/1.9.1/gems/railties-3.0.5/lib/rails/commands/runner.rb:50:in `eval'
	from /usr/local/ruby/lib/ruby/gems/1.9.1/gems/railties-3.0.5/lib/rails/commands/runner.rb:50:in `<top (required)>'
	from /usr/local/ruby/lib/ruby/gems/1.9.1/gems/railties-3.0.5/lib/rails/commands.rb:39:in `require'
	from /usr/local/ruby/lib/ruby/gems/1.9.1/gems/railties-3.0.5/lib/rails/commands.rb:39:in `<top (required)>'
	from script/rails:6:in `require'
	from script/rails:6:in `<main>'
/usr/local/ruby/lib/ruby/gems/1.9.1/gems/railties-3.0.5/lib/rails/commands/runner.rb:50:in `eval': uninitialized constant Servicelisting::Datetime (NameError)
	from (eval):1:in `<top (required)>'
	from /usr/local/ruby/lib/ruby/gems/1.9.1/gems/railties-3.0.5/lib/rails/commands/runner.rb:50:in `eval'
	from /usr/local/ruby/lib/ruby/gems/1.9.1/gems/railties-3.0.5/lib/rails/commands/runner.rb:50:in `<top (required)>'
	from /usr/local/ruby/lib/ruby/gems/1.9.1/gems/railties-3.0.5/lib/rails/commands.rb:39:in `require'
	from /usr/local/ruby/lib/ruby/gems/1.9.1/gems/railties-3.0.5/lib/rails/commands.rb:39:in `<top (required)>'
	from script/rails:6:in `require'
	from script/rails:6:in `<main>'
/usr/local/ruby/lib/ruby/gems/1.9.1/gems/railties-3.0.5/lib/rails/commands/runner.rb:50:in `eval': uninitialized constant Servicelisting::Datetime (NameError)
	from (eval):1:in `<top (required)>'
	from /usr/local/ruby/lib/ruby/gems/1.9.1/gems/railties-3.0.5/lib/rails/commands/runner.rb:50:in `eval'
	from /usr/local/ruby/lib/ruby/gems/1.9.1/gems/railties-3.0.5/lib/rails/commands/runner.rb:50:in `<top (required)>'
	from /usr/local/ruby/lib/ruby/gems/1.9.1/gems/railties-3.0.5/lib/rails/commands.rb:39:in `require'
	from /usr/local/ruby/lib/ruby/gems/1.9.1/gems/railties-3.0.5/lib/rails/commands.rb:39:in `<top (required)>'
	from script/rails:6:in `require'
	from script/rails:6:in `<main>'
/usr/local/ruby/lib/ruby/gems/1.9.1/gems/railties-3.0.5/lib/rails/commands/runner.rb:50:in `eval': uninitialized constant Servicelisting::Datetime (NameError)
	from (eval):1:in `<top (required)>'
	from /usr/local/ruby/lib/ruby/gems/1.9.1/gems/railties-3.0.5/lib/rails/commands/runner.rb:50:in `eval'
	from /usr/local/ruby/lib/ruby/gems/1.9.1/gems/railties-3.0.5/lib/rails/commands/runner.rb:50:in `<top (required)>'
	from /usr/local/ruby/lib/ruby/gems/1.9.1/gems/railties-3.0.5/lib/rails/commands.rb:39:in `require'
	from /usr/local/ruby/lib/ruby/gems/1.9.1/gems/railties-3.0.5/lib/rails/commands.rb:39:in `<top (required)>'
	from script/rails:6:in `require'
	from script/rails:6:in `<main>'
/usr/local/ruby/lib/ruby/gems/1.9.1/gems/railties-3.0.5/lib/rails/commands/runner.rb:50:in `eval': uninitialized constant Servicelisting::Datetime (NameError)
	from (eval):1:in `<top (required)>'
	from /usr/local/ruby/lib/ruby/gems/1.9.1/gems/railties-3.0.5/lib/rails/commands/runner.rb:50:in `eval'
	from /usr/local/ruby/lib/ruby/gems/1.9.1/gems/railties-3.0.5/lib/rails/commands/runner.rb:50:in `<top (required)>'
	from /usr/local/ruby/lib/ruby/gems/1.9.1/gems/railties-3.0.5/lib/rails/commands.rb:39:in `require'
	from /usr/local/ruby/lib/ruby/gems/1.9.1/gems/railties-3.0.5/lib/rails/commands.rb:39:in `<top (required)>'
	from script/rails:6:in `require'
	from script/rails:6:in `<main>'
/usr/local/ruby/lib/ruby/gems/1.9.1/gems/railties-3.0.5/lib/rails/commands/runner.rb:50:in `eval': uninitialized constant Servicelisting::Datetime (NameError)
	from (eval):1:in `<top (required)>'
	from /usr/local/ruby/lib/ruby/gems/1.9.1/gems/railties-3.0.5/lib/rails/commands/runner.rb:50:in `eval'
	from /usr/local/ruby/lib/ruby/gems/1.9.1/gems/railties-3.0.5/lib/rails/commands/runner.rb:50:in `<top (required)>'
	from /usr/local/ruby/lib/ruby/gems/1.9.1/gems/railties-3.0.5/lib/rails/commands.rb:39:in `require'
	from /usr/local/ruby/lib/ruby/gems/1.9.1/gems/railties-3.0.5/lib/rails/commands.rb:39:in `<top (required)>'
	from script/rails:6:in `require'
	from script/rails:6:in `<main>'
/usr/local/ruby/lib/ruby/gems/1.9.1/gems/railties-3.0.5/lib/rails/commands/runner.rb:50:in `eval': uninitialized constant Servicelisting::Datetime (NameError)
	from (eval):1:in `<top (required)>'
	from /usr/local/ruby/lib/ruby/gems/1.9.1/gems/railties-3.0.5/lib/rails/commands/runner.rb:50:in `eval'
	from /usr/local/ruby/lib/ruby/gems/1.9.1/gems/railties-3.0.5/lib/rails/commands/runner.rb:50:in `<top (required)>'
	from /usr/local/ruby/lib/ruby/gems/1.9.1/gems/railties-3.0.5/lib/rails/commands.rb:39:in `require'
	from /usr/local/ruby/lib/ruby/gems/1.9.1/gems/railties-3.0.5/lib/rails/commands.rb:39:in `<top (required)>'
	from script/rails:6:in `require'
	from script/rails:6:in `<main>'
/usr/local/ruby/lib/ruby/gems/1.9.1/gems/railties-3.0.5/lib/rails/commands/runner.rb:50:in `eval': uninitialized constant Servicelisting::Datetime (NameError)
	from (eval):1:in `<top (required)>'
	from /usr/local/ruby/lib/ruby/gems/1.9.1/gems/railties-3.0.5/lib/rails/commands/runner.rb:50:in `eval'
	from /usr/local/ruby/lib/ruby/gems/1.9.1/gems/railties-3.0.5/lib/rails/commands/runner.rb:50:in `<top (required)>'
	from /usr/local/ruby/lib/ruby/gems/1.9.1/gems/railties-3.0.5/lib/rails/commands.rb:39:in `require'
	from /usr/local/ruby/lib/ruby/gems/1.9.1/gems/railties-3.0.5/lib/rails/commands.rb:39:in `<top (required)>'
	from script/rails:6:in `require'
	from script/rails:6:in `<main>'
/usr/local/ruby/lib/ruby/gems/1.9.1/gems/railties-3.0.5/lib/rails/commands/runner.rb:50:in `eval': uninitialized constant Servicelisting::Datetime (NameError)
	from (eval):1:in `<top (required)>'
	from /usr/local/ruby/lib/ruby/gems/1.9.1/gems/railties-3.0.5/lib/rails/commands/runner.rb:50:in `eval'
	from /usr/local/ruby/lib/ruby/gems/1.9.1/gems/railties-3.0.5/lib/rails/commands/runner.rb:50:in `<top (required)>'
	from /usr/local/ruby/lib/ruby/gems/1.9.1/gems/railties-3.0.5/lib/rails/commands.rb:39:in `require'
	from /usr/local/ruby/lib/ruby/gems/1.9.1/gems/railties-3.0.5/lib/rails/commands.rb:39:in `<top (required)>'
	from script/rails:6:in `require'
	from script/rails:6:in `<main>'
/usr/local/ruby/lib/ruby/gems/1.9.1/gems/railties-3.0.5/lib/rails/commands/runner.rb:50:in `eval': uninitialized constant Servicelisting::Datetime (NameError)
	from (eval):1:in `<top (required)>'
	from /usr/local/ruby/lib/ruby/gems/1.9.1/gems/railties-3.0.5/lib/rails/commands/runner.rb:50:in `eval'
	from /usr/local/ruby/lib/ruby/gems/1.9.1/gems/railties-3.0.5/lib/rails/commands/runner.rb:50:in `<top (required)>'
	from /usr/local/ruby/lib/ruby/gems/1.9.1/gems/railties-3.0.5/lib/rails/commands.rb:39:in `require'
	from /usr/local/ruby/lib/ruby/gems/1.9.1/gems/railties-3.0.5/lib/rails/commands.rb:39:in `<top (required)>'
	from script/rails:6:in `require'
	from script/rails:6:in `<main>'
/usr/local/ruby/lib/ruby/gems/1.9.1/gems/railties-3.0.5/lib/rails/commands/runner.rb:50:in `eval': uninitialized constant Servicelisting::Datetime (NameError)
	from (eval):1:in `<top (required)>'
	from /usr/local/ruby/lib/ruby/gems/1.9.1/gems/railties-3.0.5/lib/rails/commands/runner.rb:50:in `eval'
	from /usr/local/ruby/lib/ruby/gems/1.9.1/gems/railties-3.0.5/lib/rails/commands/runner.rb:50:in `<top (required)>'
	from /usr/local/ruby/lib/ruby/gems/1.9.1/gems/railties-3.0.5/lib/rails/commands.rb:39:in `require'
	from /usr/local/ruby/lib/ruby/gems/1.9.1/gems/railties-3.0.5/lib/rails/commands.rb:39:in `<top (required)>'
	from script/rails:6:in `require'
	from script/rails:6:in `<main>'
/usr/local/ruby/lib/ruby/gems/1.9.1/gems/railties-3.0.5/lib/rails/commands/runner.rb:50:in `eval': uninitialized constant Servicelisting::Datetime (NameError)
	from (eval):1:in `<top (required)>'
	from /usr/local/ruby/lib/ruby/gems/1.9.1/gems/railties-3.0.5/lib/rails/commands/runner.rb:50:in `eval'
	from /usr/local/ruby/lib/ruby/gems/1.9.1/gems/railties-3.0.5/lib/rails/commands/runner.rb:50:in `<top (required)>'
	from /usr/local/ruby/lib/ruby/gems/1.9.1/gems/railties-3.0.5/lib/rails/commands.rb:39:in `require'
	from /usr/local/ruby/lib/ruby/gems/1.9.1/gems/railties-3.0.5/lib/rails/commands.rb:39:in `<top (required)>'
	from script/rails:6:in `require'
	from script/rails:6:in `<main>'
/usr/local/ruby/lib/ruby/gems/1.9.1/gems/railties-3.0.5/lib/rails/commands/runner.rb:50:in `eval': uninitialized constant Servicelisting::Datetime (NameError)
	from (eval):1:in `<top (required)>'
	from /usr/local/ruby/lib/ruby/gems/1.9.1/gems/railties-3.0.5/lib/rails/commands/runner.rb:50:in `eval'
	from /usr/local/ruby/lib/ruby/gems/1.9.1/gems/railties-3.0.5/lib/rails/commands/runner.rb:50:in `<top (required)>'
	from /usr/local/ruby/lib/ruby/gems/1.9.1/gems/railties-3.0.5/lib/rails/commands.rb:39:in `require'
	from /usr/local/ruby/lib/ruby/gems/1.9.1/gems/railties-3.0.5/lib/rails/commands.rb:39:in `<top (required)>'
	from script/rails:6:in `require'
	from script/rails:6:in `<main>'
/usr/local/ruby/lib/ruby/gems/1.9.1/gems/railties-3.0.5/lib/rails/commands/runner.rb:50:in `eval': uninitialized constant Servicelisting::Datetime (NameError)
	from (eval):1:in `<top (required)>'
	from /usr/local/ruby/lib/ruby/gems/1.9.1/gems/railties-3.0.5/lib/rails/commands/runner.rb:50:in `eval'
	from /usr/local/ruby/lib/ruby/gems/1.9.1/gems/railties-3.0.5/lib/rails/commands/runner.rb:50:in `<top (required)>'
	from /usr/local/ruby/lib/ruby/gems/1.9.1/gems/railties-3.0.5/lib/rails/commands.rb:39:in `require'
	from /usr/local/ruby/lib/ruby/gems/1.9.1/gems/railties-3.0.5/lib/rails/commands.rb:39:in `<top (required)>'
	from script/rails:6:in `require'
	from script/rails:6:in `<main>'
/usr/local/ruby/lib/ruby/gems/1.9.1/gems/railties-3.0.5/lib/rails/commands/runner.rb:50:in `eval': uninitialized constant Servicelisting::Datetime (NameError)
	from (eval):1:in `<top (required)>'
	from /usr/local/ruby/lib/ruby/gems/1.9.1/gems/railties-3.0.5/lib/rails/commands/runner.rb:50:in `eval'
	from /usr/local/ruby/lib/ruby/gems/1.9.1/gems/railties-3.0.5/lib/rails/commands/runner.rb:50:in `<top (required)>'
	from /usr/local/ruby/lib/ruby/gems/1.9.1/gems/railties-3.0.5/lib/rails/commands.rb:39:in `require'
	from /usr/local/ruby/lib/ruby/gems/1.9.1/gems/railties-3.0.5/lib/rails/commands.rb:39:in `<top (required)>'
	from script/rails:6:in `require'
	from script/rails:6:in `<main>'
/usr/local/ruby/lib/ruby/gems/1.9.1/gems/railties-3.0.5/lib/rails/commands/runner.rb:50:in `eval': uninitialized constant Servicelisting::Datetime (NameError)
	from (eval):1:in `<top (required)>'
	from /usr/local/ruby/lib/ruby/gems/1.9.1/gems/railties-3.0.5/lib/rails/commands/runner.rb:50:in `eval'
	from /usr/local/ruby/lib/ruby/gems/1.9.1/gems/railties-3.0.5/lib/rails/commands/runner.rb:50:in `<top (required)>'
	from /usr/local/ruby/lib/ruby/gems/1.9.1/gems/railties-3.0.5/lib/rails/commands.rb:39:in `require'
	from /usr/local/ruby/lib/ruby/gems/1.9.1/gems/railties-3.0.5/lib/rails/commands.rb:39:in `<top (required)>'
	from script/rails:6:in `require'
	from script/rails:6:in `<main>'
/usr/local/ruby/lib/ruby/gems/1.9.1/gems/railties-3.0.5/lib/rails/commands/runner.rb:50:in `eval': uninitialized constant Servicelisting::Datetime (NameError)
	from (eval):1:in `<top (required)>'
	from /usr/local/ruby/lib/ruby/gems/1.9.1/gems/railties-3.0.5/lib/rails/commands/runner.rb:50:in `eval'
	from /usr/local/ruby/lib/ruby/gems/1.9.1/gems/railties-3.0.5/lib/rails/commands/runner.rb:50:in `<top (required)>'
	from /usr/local/ruby/lib/ruby/gems/1.9.1/gems/railties-3.0.5/lib/rails/commands.rb:39:in `require'
	from /usr/local/ruby/lib/ruby/gems/1.9.1/gems/railties-3.0.5/lib/rails/commands.rb:39:in `<top (required)>'
	from script/rails:6:in `require'
	from script/rails:6:in `<main>'
/usr/local/ruby/lib/ruby/gems/1.9.1/gems/railties-3.0.5/lib/rails/commands/runner.rb:50:in `eval': uninitialized constant Servicelisting::Datetime (NameError)
	from (eval):1:in `<top (required)>'
	from /usr/local/ruby/lib/ruby/gems/1.9.1/gems/railties-3.0.5/lib/rails/commands/runner.rb:50:in `eval'
	from /usr/local/ruby/lib/ruby/gems/1.9.1/gems/railties-3.0.5/lib/rails/commands/runner.rb:50:in `<top (required)>'
	from /usr/local/ruby/lib/ruby/gems/1.9.1/gems/railties-3.0.5/lib/rails/commands.rb:39:in `require'
	from /usr/local/ruby/lib/ruby/gems/1.9.1/gems/railties-3.0.5/lib/rails/commands.rb:39:in `<top (required)>'
	from script/rails:6:in `require'
	from script/rails:6:in `<main>'
/usr/local/ruby/lib/ruby/gems/1.9.1/gems/railties-3.0.5/lib/rails/commands/runner.rb:50:in `eval': undefined method `now' for Servicelisting::DateTime:Class (NoMethodError)
	from (eval):1:in `<top (required)>'
	from /usr/local/ruby/lib/ruby/gems/1.9.1/gems/railties-3.0.5/lib/rails/commands/runner.rb:50:in `eval'
	from /usr/local/ruby/lib/ruby/gems/1.9.1/gems/railties-3.0.5/lib/rails/commands/runner.rb:50:in `<top (required)>'
	from /usr/local/ruby/lib/ruby/gems/1.9.1/gems/railties-3.0.5/lib/rails/commands.rb:39:in `require'
	from /usr/local/ruby/lib/ruby/gems/1.9.1/gems/railties-3.0.5/lib/rails/commands.rb:39:in `<top (required)>'
	from script/rails:6:in `require'
	from script/rails:6:in `<main>'
/usr/local/ruby/lib/ruby/gems/1.9.1/gems/railties-3.0.5/lib/rails/commands/runner.rb:50:in `eval': undefined method `now' for Servicelisting::DateTime:Class (NoMethodError)
	from (eval):1:in `<top (required)>'
	from /usr/local/ruby/lib/ruby/gems/1.9.1/gems/railties-3.0.5/lib/rails/commands/runner.rb:50:in `eval'
	from /usr/local/ruby/lib/ruby/gems/1.9.1/gems/railties-3.0.5/lib/rails/commands/runner.rb:50:in `<top (required)>'
	from /usr/local/ruby/lib/ruby/gems/1.9.1/gems/railties-3.0.5/lib/rails/commands.rb:39:in `require'
	from /usr/local/ruby/lib/ruby/gems/1.9.1/gems/railties-3.0.5/lib/rails/commands.rb:39:in `<top (required)>'
	from script/rails:6:in `require'
	from script/rails:6:in `<main>'
/usr/local/ruby/lib/ruby/gems/1.9.1/gems/railties-3.0.5/lib/rails/commands/runner.rb:50:in `eval': undefined method `date' for 2011-06-28 21:27:00 UTC:Time (NoMethodError)
	from /home/startup/APPS/tiipsy/app/models/servicelisting.rb:14:in `block in checkexpirations'
	from /home/startup/APPS/tiipsy/app/models/servicelisting.rb:12:in `each'
	from /home/startup/APPS/tiipsy/app/models/servicelisting.rb:12:in `checkexpirations'
	from (eval):1:in `<top (required)>'
	from /usr/local/ruby/lib/ruby/gems/1.9.1/gems/railties-3.0.5/lib/rails/commands/runner.rb:50:in `eval'
	from /usr/local/ruby/lib/ruby/gems/1.9.1/gems/railties-3.0.5/lib/rails/commands/runner.rb:50:in `<top (required)>'
	from /usr/local/ruby/lib/ruby/gems/1.9.1/gems/railties-3.0.5/lib/rails/commands.rb:39:in `require'
	from /usr/local/ruby/lib/ruby/gems/1.9.1/gems/railties-3.0.5/lib/rails/commands.rb:39:in `<top (required)>'
	from script/rails:6:in `require'
	from script/rails:6:in `<main>'
/usr/local/ruby/lib/ruby/gems/1.9.1/gems/railties-3.0.5/lib/rails/commands/runner.rb:50:in `eval': /home/startup/APPS/tiipsy/app/models/servicelisting.rb:24: syntax error, unexpected $end, expecting keyword_end (SyntaxError)
	from /usr/local/ruby/lib/ruby/gems/1.9.1/gems/activesupport-3.0.5/lib/active_support/dependencies.rb:454:in `block in load_file'
	from /usr/local/ruby/lib/ruby/gems/1.9.1/gems/activesupport-3.0.5/lib/active_support/dependencies.rb:596:in `new_constants_in'
	from /usr/local/ruby/lib/ruby/gems/1.9.1/gems/activesupport-3.0.5/lib/active_support/dependencies.rb:453:in `load_file'
	from /usr/local/ruby/lib/ruby/gems/1.9.1/gems/activesupport-3.0.5/lib/active_support/dependencies.rb:340:in `require_or_load'
	from /usr/local/ruby/lib/ruby/gems/1.9.1/gems/activesupport-3.0.5/lib/active_support/dependencies.rb:491:in `load_missing_constant'
	from /usr/local/ruby/lib/ruby/gems/1.9.1/gems/activesupport-3.0.5/lib/active_support/dependencies.rb:183:in `block in const_missing'
	from /usr/local/ruby/lib/ruby/gems/1.9.1/gems/activesupport-3.0.5/lib/active_support/dependencies.rb:181:in `each'
	from /usr/local/ruby/lib/ruby/gems/1.9.1/gems/activesupport-3.0.5/lib/active_support/dependencies.rb:181:in `const_missing'
	from (eval):1:in `<top (required)>'
	from /usr/local/ruby/lib/ruby/gems/1.9.1/gems/railties-3.0.5/lib/rails/commands/runner.rb:50:in `eval'
	from /usr/local/ruby/lib/ruby/gems/1.9.1/gems/railties-3.0.5/lib/rails/commands/runner.rb:50:in `<top (required)>'
	from /usr/local/ruby/lib/ruby/gems/1.9.1/gems/railties-3.0.5/lib/rails/commands.rb:39:in `require'
	from /usr/local/ruby/lib/ruby/gems/1.9.1/gems/railties-3.0.5/lib/rails/commands.rb:39:in `<top (required)>'
	from script/rails:6:in `require'
	from script/rails:6:in `<main>'
/usr/local/ruby/lib/ruby/gems/1.9.1/gems/railties-3.0.5/lib/rails/commands/runner.rb:50:in `eval': undefined local variable or method `item' for #<Class:0xaf7a38c> (NameError)
	from /home/startup/APPS/tiipsy/app/models/servicelisting.rb:12:in `checkexpirations'
	from (eval):1:in `<top (required)>'
	from /usr/local/ruby/lib/ruby/gems/1.9.1/gems/railties-3.0.5/lib/rails/commands/runner.rb:50:in `eval'
	from /usr/local/ruby/lib/ruby/gems/1.9.1/gems/railties-3.0.5/lib/rails/commands/runner.rb:50:in `<top (required)>'
	from /usr/local/ruby/lib/ruby/gems/1.9.1/gems/railties-3.0.5/lib/rails/commands.rb:39:in `require'
	from /usr/local/ruby/lib/ruby/gems/1.9.1/gems/railties-3.0.5/lib/rails/commands.rb:39:in `<top (required)>'
	from script/rails:6:in `require'
	from script/rails:6:in `<main>'
/usr/local/ruby/lib/ruby/gems/1.9.1/gems/railties-3.0.5/lib/rails/commands/runner.rb:50:in `eval': Mysql2::Error: Table 'tiipsy_development.servicelistings' doesn't exist: SELECT `servicelistings`.* FROM `servicelistings` (ActiveRecord::StatementInvalid)
	from /usr/local/ruby/lib/ruby/gems/1.9.1/gems/activerecord-3.0.5/lib/active_record/connection_adapters/abstract_adapter.rb:199:in `log'
	from /usr/local/ruby/lib/ruby/gems/1.9.1/gems/mysql2-0.2.7/lib/active_record/connection_adapters/mysql2_adapter.rb:314:in `execute'
	from /usr/local/ruby/lib/ruby/gems/1.9.1/gems/mysql2-0.2.7/lib/active_record/connection_adapters/mysql2_adapter.rb:635:in `select'
	from /usr/local/ruby/lib/ruby/gems/1.9.1/gems/activerecord-3.0.5/lib/active_record/connection_adapters/abstract/database_statements.rb:7:in `select_all'
	from /usr/local/ruby/lib/ruby/gems/1.9.1/gems/activerecord-3.0.5/lib/active_record/connection_adapters/abstract/query_cache.rb:56:in `select_all'
	from /usr/local/ruby/lib/ruby/gems/1.9.1/gems/activerecord-3.0.5/lib/active_record/base.rb:467:in `find_by_sql'
	from /usr/local/ruby/lib/ruby/gems/1.9.1/gems/activerecord-3.0.5/lib/active_record/relation.rb:64:in `to_a'
	from /usr/local/ruby/lib/ruby/gems/1.9.1/gems/activerecord-3.0.5/lib/active_record/relation/finder_methods.rb:143:in `all'
	from /usr/local/ruby/lib/ruby/gems/1.9.1/gems/activerecord-3.0.5/lib/active_record/relation/finder_methods.rb:105:in `find'
	from /usr/local/ruby/lib/ruby/gems/1.9.1/gems/activerecord-3.0.5/lib/active_record/base.rb:439:in `find'
	from /home/startup/APPS/tiipsy/app/models/servicelisting.rb:11:in `checkexpirations'
	from (eval):1:in `<top (required)>'
	from /usr/local/ruby/lib/ruby/gems/1.9.1/gems/railties-3.0.5/lib/rails/commands/runner.rb:50:in `eval'
	from /usr/local/ruby/lib/ruby/gems/1.9.1/gems/railties-3.0.5/lib/rails/commands/runner.rb:50:in `<top (required)>'
	from /usr/local/ruby/lib/ruby/gems/1.9.1/gems/railties-3.0.5/lib/rails/commands.rb:39:in `require'
	from /usr/local/ruby/lib/ruby/gems/1.9.1/gems/railties-3.0.5/lib/rails/commands.rb:39:in `<top (required)>'
	from script/rails:6:in `require'
	from script/rails:6:in `<main>'
/usr/local/ruby/lib/ruby/gems/1.9.1/gems/railties-3.0.5/lib/rails/commands/runner.rb:50:in `eval': /home/startup/APPS/tiipsy/app/models/servicelisting.rb:32: syntax error, unexpected $end, expecting keyword_end (SyntaxError)
	from /usr/local/ruby/lib/ruby/gems/1.9.1/gems/activesupport-3.0.5/lib/active_support/dependencies.rb:454:in `block in load_file'
	from /usr/local/ruby/lib/ruby/gems/1.9.1/gems/activesupport-3.0.5/lib/active_support/dependencies.rb:596:in `new_constants_in'
	from /usr/local/ruby/lib/ruby/gems/1.9.1/gems/activesupport-3.0.5/lib/active_support/dependencies.rb:453:in `load_file'
	from /usr/local/ruby/lib/ruby/gems/1.9.1/gems/activesupport-3.0.5/lib/active_support/dependencies.rb:340:in `require_or_load'
	from /usr/local/ruby/lib/ruby/gems/1.9.1/gems/activesupport-3.0.5/lib/active_support/dependencies.rb:491:in `load_missing_constant'
	from /usr/local/ruby/lib/ruby/gems/1.9.1/gems/activesupport-3.0.5/lib/active_support/dependencies.rb:183:in `block in const_missing'
	from /usr/local/ruby/lib/ruby/gems/1.9.1/gems/activesupport-3.0.5/lib/active_support/dependencies.rb:181:in `each'
	from /usr/local/ruby/lib/ruby/gems/1.9.1/gems/activesupport-3.0.5/lib/active_support/dependencies.rb:181:in `const_missing'
	from (eval):1:in `<top (required)>'
	from /usr/local/ruby/lib/ruby/gems/1.9.1/gems/railties-3.0.5/lib/rails/commands/runner.rb:50:in `eval'
	from /usr/local/ruby/lib/ruby/gems/1.9.1/gems/railties-3.0.5/lib/rails/commands/runner.rb:50:in `<top (required)>'
	from /usr/local/ruby/lib/ruby/gems/1.9.1/gems/railties-3.0.5/lib/rails/commands.rb:39:in `require'
	from /usr/local/ruby/lib/ruby/gems/1.9.1/gems/railties-3.0.5/lib/rails/commands.rb:39:in `<top (required)>'
	from script/rails:6:in `require'
	from script/rails:6:in `<main>'
/usr/local/ruby/lib/ruby/gems/1.9.1/gems/railties-3.0.5/lib/rails/commands/runner.rb:50:in `eval': undefined local variable or method `current_user' for #<Class:0x994f198> (NameError)
	from /home/startup/APPS/tiipsy/app/models/servicelisting.rb:30:in `block in checkexpirations'
	from /home/startup/APPS/tiipsy/app/models/servicelisting.rb:13:in `each'
	from /home/startup/APPS/tiipsy/app/models/servicelisting.rb:13:in `checkexpirations'
	from (eval):1:in `<top (required)>'
	from /usr/local/ruby/lib/ruby/gems/1.9.1/gems/railties-3.0.5/lib/rails/commands/runner.rb:50:in `eval'
	from /usr/local/ruby/lib/ruby/gems/1.9.1/gems/railties-3.0.5/lib/rails/commands/runner.rb:50:in `<top (required)>'
	from /usr/local/ruby/lib/ruby/gems/1.9.1/gems/railties-3.0.5/lib/rails/commands.rb:39:in `require'
	from /usr/local/ruby/lib/ruby/gems/1.9.1/gems/railties-3.0.5/lib/rails/commands.rb:39:in `<top (required)>'
	from script/rails:6:in `require'
	from script/rails:6:in `<main>'
/usr/local/ruby/lib/ruby/gems/1.9.1/gems/railties-3.0.5/lib/rails/commands/runner.rb:50:in `eval': undefined local variable or method `current_user' for #<Class:0xa4b8f84> (NameError)
	from /home/startup/APPS/tiipsy/app/models/servicelisting.rb:30:in `block in checkexpirations'
	from /home/startup/APPS/tiipsy/app/models/servicelisting.rb:13:in `each'
	from /home/startup/APPS/tiipsy/app/models/servicelisting.rb:13:in `checkexpirations'
	from (eval):1:in `<top (required)>'
	from /usr/local/ruby/lib/ruby/gems/1.9.1/gems/railties-3.0.5/lib/rails/commands/runner.rb:50:in `eval'
	from /usr/local/ruby/lib/ruby/gems/1.9.1/gems/railties-3.0.5/lib/rails/commands/runner.rb:50:in `<top (required)>'
	from /usr/local/ruby/lib/ruby/gems/1.9.1/gems/railties-3.0.5/lib/rails/commands.rb:39:in `require'
	from /usr/local/ruby/lib/ruby/gems/1.9.1/gems/railties-3.0.5/lib/rails/commands.rb:39:in `<top (required)>'
	from script/rails:6:in `require'
	from script/rails:6:in `<main>'
/usr/local/ruby/lib/ruby/gems/1.9.1/gems/railties-3.0.5/lib/rails/commands/runner.rb:50:in `eval': undefined local variable or method `current_user' for #<Class:0x943ad88> (NameError)
	from /home/startup/APPS/tiipsy/app/models/servicelisting.rb:30:in `block in checkexpirations'
	from /home/startup/APPS/tiipsy/app/models/servicelisting.rb:13:in `each'
	from /home/startup/APPS/tiipsy/app/models/servicelisting.rb:13:in `checkexpirations'
	from (eval):1:in `<top (required)>'
	from /usr/local/ruby/lib/ruby/gems/1.9.1/gems/railties-3.0.5/lib/rails/commands/runner.rb:50:in `eval'
	from /usr/local/ruby/lib/ruby/gems/1.9.1/gems/railties-3.0.5/lib/rails/commands/runner.rb:50:in `<top (required)>'
	from /usr/local/ruby/lib/ruby/gems/1.9.1/gems/railties-3.0.5/lib/rails/commands.rb:39:in `require'
	from /usr/local/ruby/lib/ruby/gems/1.9.1/gems/railties-3.0.5/lib/rails/commands.rb:39:in `<top (required)>'
	from script/rails:6:in `require'
	from script/rails:6:in `<main>'
/usr/local/ruby/lib/ruby/gems/1.9.1/gems/railties-3.0.5/lib/rails/commands/runner.rb:50:in `eval': Unknown key(s): id (ArgumentError)
	from /usr/local/ruby/lib/ruby/gems/1.9.1/gems/activerecord-3.0.5/lib/active_record/relation/spawn_methods.rb:110:in `apply_finder_options'
	from /usr/local/ruby/lib/ruby/gems/1.9.1/gems/activerecord-3.0.5/lib/active_record/relation/finder_methods.rb:101:in `find'
	from /usr/local/ruby/lib/ruby/gems/1.9.1/gems/activerecord-3.0.5/lib/active_record/base.rb:439:in `find'
	from /home/startup/APPS/tiipsy/app/models/servicelisting.rb:35:in `block (2 levels) in checkexpirations'
	from /usr/local/ruby/lib/ruby/gems/1.9.1/gems/activerecord-3.0.5/lib/active_record/associations/association_collection.rb:431:in `block in method_missing'
	from /usr/local/ruby/lib/ruby/gems/1.9.1/gems/activerecord-3.0.5/lib/active_record/associations/association_proxy.rb:216:in `block in method_missing'
	from /usr/local/ruby/lib/ruby/gems/1.9.1/gems/activerecord-3.0.5/lib/active_record/associations/association_proxy.rb:216:in `each'
	from /usr/local/ruby/lib/ruby/gems/1.9.1/gems/activerecord-3.0.5/lib/active_record/associations/association_proxy.rb:216:in `method_missing'
	from /usr/local/ruby/lib/ruby/gems/1.9.1/gems/activerecord-3.0.5/lib/active_record/associations/association_collection.rb:431:in `method_missing'
	from /home/startup/APPS/tiipsy/app/models/servicelisting.rb:34:in `block in checkexpirations'
	from /home/startup/APPS/tiipsy/app/models/servicelisting.rb:13:in `each'
	from /home/startup/APPS/tiipsy/app/models/servicelisting.rb:13:in `checkexpirations'
	from (eval):1:in `<top (required)>'
	from /usr/local/ruby/lib/ruby/gems/1.9.1/gems/railties-3.0.5/lib/rails/commands/runner.rb:50:in `eval'
	from /usr/local/ruby/lib/ruby/gems/1.9.1/gems/railties-3.0.5/lib/rails/commands/runner.rb:50:in `<top (required)>'
	from /usr/local/ruby/lib/ruby/gems/1.9.1/gems/railties-3.0.5/lib/rails/commands.rb:39:in `require'
	from /usr/local/ruby/lib/ruby/gems/1.9.1/gems/railties-3.0.5/lib/rails/commands.rb:39:in `<top (required)>'
	from script/rails:6:in `require'
	from script/rails:6:in `<main>'
/usr/local/ruby/lib/ruby/gems/1.9.1/gems/railties-3.0.5/lib/rails/commands/runner.rb:50:in `eval': Unknown key(s): id (ArgumentError)
	from /usr/local/ruby/lib/ruby/gems/1.9.1/gems/activerecord-3.0.5/lib/active_record/relation/spawn_methods.rb:110:in `apply_finder_options'
	from /usr/local/ruby/lib/ruby/gems/1.9.1/gems/activerecord-3.0.5/lib/active_record/relation/finder_methods.rb:101:in `find'
	from /usr/local/ruby/lib/ruby/gems/1.9.1/gems/activerecord-3.0.5/lib/active_record/base.rb:439:in `find'
	from /home/startup/APPS/tiipsy/app/models/servicelisting.rb:34:in `block (2 levels) in checkexpirations'
	from /usr/local/ruby/lib/ruby/gems/1.9.1/gems/activerecord-3.0.5/lib/active_record/associations/association_collection.rb:431:in `block in method_missing'
	from /usr/local/ruby/lib/ruby/gems/1.9.1/gems/activerecord-3.0.5/lib/active_record/associations/association_proxy.rb:216:in `block in method_missing'
	from /usr/local/ruby/lib/ruby/gems/1.9.1/gems/activerecord-3.0.5/lib/active_record/associations/association_proxy.rb:216:in `each'
	from /usr/local/ruby/lib/ruby/gems/1.9.1/gems/activerecord-3.0.5/lib/active_record/associations/association_proxy.rb:216:in `method_missing'
	from /usr/local/ruby/lib/ruby/gems/1.9.1/gems/activerecord-3.0.5/lib/active_record/associations/association_collection.rb:431:in `method_missing'
	from /home/startup/APPS/tiipsy/app/models/servicelisting.rb:33:in `block in checkexpirations'
	from /home/startup/APPS/tiipsy/app/models/servicelisting.rb:13:in `each'
	from /home/startup/APPS/tiipsy/app/models/servicelisting.rb:13:in `checkexpirations'
	from (eval):1:in `<top (required)>'
	from /usr/local/ruby/lib/ruby/gems/1.9.1/gems/railties-3.0.5/lib/rails/commands/runner.rb:50:in `eval'
	from /usr/local/ruby/lib/ruby/gems/1.9.1/gems/railties-3.0.5/lib/rails/commands/runner.rb:50:in `<top (required)>'
	from /usr/local/ruby/lib/ruby/gems/1.9.1/gems/railties-3.0.5/lib/rails/commands.rb:39:in `require'
	from /usr/local/ruby/lib/ruby/gems/1.9.1/gems/railties-3.0.5/lib/rails/commands.rb:39:in `<top (required)>'
	from script/rails:6:in `require'
	from script/rails:6:in `<main>'
/usr/local/ruby/lib/ruby/gems/1.9.1/gems/railties-3.0.5/lib/rails/commands/runner.rb:50:in `eval': Unknown key(s): id (ArgumentError)
	from /usr/local/ruby/lib/ruby/gems/1.9.1/gems/activerecord-3.0.5/lib/active_record/relation/spawn_methods.rb:110:in `apply_finder_options'
	from /usr/local/ruby/lib/ruby/gems/1.9.1/gems/activerecord-3.0.5/lib/active_record/relation/finder_methods.rb:101:in `find'
	from /usr/local/ruby/lib/ruby/gems/1.9.1/gems/activerecord-3.0.5/lib/active_record/base.rb:439:in `find'
	from /home/startup/APPS/tiipsy/app/models/servicelisting.rb:34:in `block (2 levels) in checkexpirations'
	from /usr/local/ruby/lib/ruby/gems/1.9.1/gems/activerecord-3.0.5/lib/active_record/associations/association_collection.rb:431:in `block in method_missing'
	from /usr/local/ruby/lib/ruby/gems/1.9.1/gems/activerecord-3.0.5/lib/active_record/associations/association_proxy.rb:216:in `block in method_missing'
	from /usr/local/ruby/lib/ruby/gems/1.9.1/gems/activerecord-3.0.5/lib/active_record/associations/association_proxy.rb:216:in `each'
	from /usr/local/ruby/lib/ruby/gems/1.9.1/gems/activerecord-3.0.5/lib/active_record/associations/association_proxy.rb:216:in `method_missing'
	from /usr/local/ruby/lib/ruby/gems/1.9.1/gems/activerecord-3.0.5/lib/active_record/associations/association_collection.rb:431:in `method_missing'
	from /home/startup/APPS/tiipsy/app/models/servicelisting.rb:33:in `block in checkexpirations'
	from /home/startup/APPS/tiipsy/app/models/servicelisting.rb:13:in `each'
	from /home/startup/APPS/tiipsy/app/models/servicelisting.rb:13:in `checkexpirations'
	from (eval):1:in `<top (required)>'
	from /usr/local/ruby/lib/ruby/gems/1.9.1/gems/railties-3.0.5/lib/rails/commands/runner.rb:50:in `eval'
	from /usr/local/ruby/lib/ruby/gems/1.9.1/gems/railties-3.0.5/lib/rails/commands/runner.rb:50:in `<top (required)>'
	from /usr/local/ruby/lib/ruby/gems/1.9.1/gems/railties-3.0.5/lib/rails/commands.rb:39:in `require'
	from /usr/local/ruby/lib/ruby/gems/1.9.1/gems/railties-3.0.5/lib/rails/commands.rb:39:in `<top (required)>'
	from script/rails:6:in `require'
	from script/rails:6:in `<main>'
